F:\Projects\Angular2\Angular2HandsOn\EmployeeManagement\src\app\Home\home.component.js
F:\Projects\Angular2\Angular2HandsOn\EmployeeManagement\src\app\Home\home.component.js.map
F:\Projects\Angular2\Angular2HandsOn\EmployeeManagement\src\app\Employee\List\list.component.js
F:\Projects\Angular2\Angular2HandsOn\EmployeeManagement\src\app\Employee\List\list.component.js.map
F:\Projects\Angular2\Angular2HandsOn\EmployeeManagement\src\app\Employee\Registration\Registeration.component.js
F:\Projects\Angular2\Angular2HandsOn\EmployeeManagement\src\app\Employee\Registration\Registeration.component.js.map
F:\Projects\Angular2\Angular2HandsOn\EmployeeManagement\src\app\app.routing.js
F:\Projects\Angular2\Angular2HandsOn\EmployeeManagement\src\app\app.routing.js.map
F:\Projects\Angular2\Angular2HandsOn\EmployeeManagement\src\app\app.component.js
F:\Projects\Angular2\Angular2HandsOn\EmployeeManagement\src\app\app.component.js.map
F:\Projects\Angular2\Angular2HandsOn\EmployeeManagement\src\app\app.module.js
F:\Projects\Angular2\Angular2HandsOn\EmployeeManagement\src\app\app.module.js.map
F:\Projects\Angular2\Angular2HandsOn\EmployeeManagement\src\main.js
F:\Projects\Angular2\Angular2HandsOn\EmployeeManagement\src\main.js.map
F:\Projects\Angular2\Angular2HandsOn\EmployeeManagement\src\app\app.component.spec.js
F:\Projects\Angular2\Angular2HandsOn\EmployeeManagement\src\app\app.component.spec.js.map
F:\Projects\Angular2\Angular2HandsOn\EmployeeManagement\src\app\Employee\employee-module.js
F:\Projects\Angular2\Angular2HandsOn\EmployeeManagement\src\app\Employee\employee-module.js.map
F:\Projects\Angular2\Angular2HandsOn\EmployeeManagement\src\app\Employee\employee-routing.js
F:\Projects\Angular2\Angular2HandsOn\EmployeeManagement\src\app\Employee\employee-routing.js.map
F:\Projects\Angular2\Angular2HandsOn\EmployeeManagement\src\app\Employee\employee-service.js
F:\Projects\Angular2\Angular2HandsOn\EmployeeManagement\src\app\Employee\employee-service.js.map
